<?xml version="1.0" encoding="UTF-8"?>
<coverage generated="1650084325050" clover="3.2.0">
  <project timestamp="1650084325050" name="All files">
    <metrics statements="3" coveredstatements="3" conditionals="3" coveredconditionals="3" methods="1" coveredmethods="1" elements="7" coveredelements="7" complexity="0" loc="3" ncloc="3" packages="1" files="1" classes="1"/>
    <file name="sayHello.js" path="/Users/mariannesalomaodeoliveira/MS - PROJECTS/configNodeJS/src/services/sayHello.js">
      <metrics statements="3" coveredstatements="3" conditionals="3" coveredconditionals="3" methods="1" coveredmethods="1"/>
      <line num="1" count="1" type="cond" truecount="1" falsecount="0"/>
      <line num="2" count="2" type="cond" truecount="2" falsecount="0"/>
      <line num="3" count="2" type="stmt"/>
    </file>
  </project>
</coverage>
